<?xml version="1.0" encoding="UTF-8"?>
<!-- Generated by org.testng.reporters.JUnitReportReporter -->
<testsuite hostname="DESKTOP-QNHJ5Q7" failures="0" tests="1" name="handleframe.DemoApp_Frame" time="0.000" errors="0" timestamp="2023-10-16T23:04:00 PDT" skipped="1">
  <testcase classname="handleframe.DemoApp_Frame" name="verifyImage" time="0.000">
    <skipped/>
  </testcase> <!-- verifyImage -->
  <system-out/>
</testsuite> <!-- handleframe.DemoApp_Frame -->
