<?xml version="1.0" encoding="UTF-8"?>
<!-- Generated by org.testng.reporters.JUnitReportReporter -->
<testsuite hostname="DESKTOP-QNHJ5Q7" failures="0" tests="1" name="nopComm_configExample.NopComm_ConfExample" time="0.002" errors="0" timestamp="2023-10-16T23:04:00 PDT" skipped="1">
  <testcase classname="nopComm_configExample.NopComm_ConfExample" name="verifyLoginFeature" time="0.002">
    <skipped/>
  </testcase> <!-- verifyLoginFeature -->
  <system-out/>
</testsuite> <!-- nopComm_configExample.NopComm_ConfExample -->
