<?xml version="1.0" encoding="UTF-8"?>
<!-- Generated by org.testng.reporters.JUnitReportReporter -->
<testsuite hostname="DESKTOP-QNHJ5Q7" failures="0" tests="2" name="actionExample.RightClickTest" time="0.000" errors="0" timestamp="2023-10-16T23:04:00 PDT" skipped="2">
  <testcase classname="actionExample.RightClickTest" name="rightClickTest" time="0.000">
    <skipped/>
  </testcase> <!-- rightClickTest -->
  <system-out/>
  <testcase classname="actionExample.RightClickTest" name="doubleClickTest" time="0.000">
    <skipped/>
  </testcase> <!-- doubleClickTest -->
  <system-out/>
</testsuite> <!-- actionExample.RightClickTest -->
