<?xml version="1.0" encoding="UTF-8"?>
<!-- Generated by org.testng.reporters.JUnitReportReporter -->
<testsuite hostname="DESKTOP-QNHJ5Q7" failures="0" tests="1" name="frameExample.DragDropExample" time="0.000" errors="0" timestamp="2023-10-16T23:04:00 PDT" skipped="1">
  <testcase classname="frameExample.DragDropExample" name="dragDropExample" time="0.000">
    <skipped/>
  </testcase> <!-- dragDropExample -->
  <system-out/>
</testsuite> <!-- frameExample.DragDropExample -->
