<?xml version="1.0" encoding="UTF-8"?>
<!-- Generated by org.testng.reporters.JUnitReportReporter -->
<testsuite hostname="DESKTOP-QNHJ5Q7" failures="0" tests="4" name="ddtExample_HRM.NopComm_DDTTest" time="0.003" errors="0" timestamp="2023-10-16T23:04:00 PDT" skipped="4">
  <testcase classname="ddtExample_HRM.NopComm_DDTTest" name="verifyLoginFeature" time="0.000">
    <skipped/>
  </testcase> <!-- verifyLoginFeature -->
  <system-out/>
  <testcase classname="ddtExample_HRM.NopComm_DDTTest" name="verifyLoginFeature" time="0.000">
    <skipped/>
  </testcase> <!-- verifyLoginFeature -->
  <system-out/>
  <testcase classname="ddtExample_HRM.NopComm_DDTTest" name="verifyLoginFeature" time="0.002">
    <skipped/>
  </testcase> <!-- verifyLoginFeature -->
  <system-out/>
  <testcase classname="ddtExample_HRM.NopComm_DDTTest" name="verifyLoginFeature" time="0.001">
    <skipped/>
  </testcase> <!-- verifyLoginFeature -->
  <system-out/>
</testsuite> <!-- ddtExample_HRM.NopComm_DDTTest -->
