<?xml version="1.0" encoding="UTF-8"?>
<!-- Generated by org.testng.reporters.JUnitReportReporter -->
<testsuite hostname="DESKTOP-QNHJ5Q7" failures="0" tests="1" name="takeScreenshotExample.AmazonTakeScreenshotExample" time="0.001" errors="0" timestamp="2023-10-16T23:04:00 PDT" skipped="1">
  <testcase classname="takeScreenshotExample.AmazonTakeScreenshotExample" name="verifySearchFeature" time="0.001">
    <skipped/>
  </testcase> <!-- verifySearchFeature -->
  <system-out/>
</testsuite> <!-- takeScreenshotExample.AmazonTakeScreenshotExample -->
