<?xml version="1.0" encoding="UTF-8"?>
<!-- Generated by org.testng.reporters.JUnitReportReporter -->
<testsuite hostname="MSI" failures="0" tests="1" name="nopComm_configExample.NopComm_DDTTest" time="6.275" errors="0" timestamp="2023-10-12T12:01:06 IST" skipped="0">
  <testcase classname="nopComm_configExample.NopComm_DDTTest" name="verifyLoginFeature" time="6.275"/>
</testsuite> <!-- nopComm_configExample.NopComm_DDTTest -->
