<?xml version="1.0" encoding="UTF-8"?>
<!-- Generated by org.testng.reporters.JUnitReportReporter -->
<testsuite hostname="MSI" failures="0" tests="1" name="frameExample.RightClickTest" time="0.680" errors="0" timestamp="2023-10-12T13:15:57 IST" skipped="0">
  <testcase classname="frameExample.RightClickTest" name="dragDropExample" time="0.680"/>
</testsuite> <!-- frameExample.RightClickTest -->
