<?xml version="1.0" encoding="UTF-8"?>
<!-- Generated by org.testng.reporters.JUnitReportReporter -->
<testsuite hostname="DESKTOP-QNHJ5Q7" failures="0" tests="3" name="testNGExample.TestNGAnnotationExample" time="0.001" errors="0" timestamp="2023-10-16T23:04:00 PDT" skipped="3">
  <testcase classname="testNGExample.TestNGAnnotationExample" name="login" time="0.000">
    <skipped/>
  </testcase> <!-- login -->
  <system-out/>
  <testcase classname="testNGExample.TestNGAnnotationExample" name="addItem" time="0.000">
    <skipped/>
  </testcase> <!-- addItem -->
  <system-out/>
  <testcase classname="testNGExample.TestNGAnnotationExample" name="logout" time="0.001">
    <skipped/>
  </testcase> <!-- logout -->
  <system-out/>
</testsuite> <!-- testNGExample.TestNGAnnotationExample -->
