<?xml version="1.0" encoding="UTF-8"?>
<!-- Generated by org.testng.reporters.JUnitReportReporter -->
<testsuite hostname="MSI" failures="0" tests="1" name="actionExample.AmzonWishListExample" time="1.184" errors="0" timestamp="2023-10-12T13:22:57 IST" skipped="0">
  <testcase classname="actionExample.AmzonWishListExample" name="dragDropExample" time="1.184"/>
</testsuite> <!-- actionExample.AmzonWishListExample -->
