<?xml version="1.0" encoding="UTF-8"?>
<!-- Generated by org.testng.reporters.JUnitReportReporter -->
<testsuite hostname="DESKTOP-QNHJ5Q7" failures="0" tests="4" name="ddtExample.NopComm_DDTTest" time="0.000" errors="0" timestamp="2023-10-16T23:04:00 PDT" skipped="4">
  <testcase classname="ddtExample.NopComm_DDTTest" name="verifyLoginFeature" time="0.000">
    <skipped/>
  </testcase> <!-- verifyLoginFeature -->
  <system-out/>
  <testcase classname="ddtExample.NopComm_DDTTest" name="verifyLoginFeature" time="0.000">
    <skipped/>
  </testcase> <!-- verifyLoginFeature -->
  <system-out/>
  <testcase classname="ddtExample.NopComm_DDTTest" name="verifyLoginFeature" time="0.000">
    <skipped/>
  </testcase> <!-- verifyLoginFeature -->
  <system-out/>
  <testcase classname="ddtExample.NopComm_DDTTest" name="verifyLoginFeature" time="0.000">
    <skipped/>
  </testcase> <!-- verifyLoginFeature -->
  <system-out/>
</testsuite> <!-- ddtExample.NopComm_DDTTest -->
