<?xml version="1.0" encoding="UTF-8"?>
<!-- Generated by org.testng.reporters.JUnitReportReporter -->
<testsuite hostname="MSI" failures="0" tests="1" name="conditionWaitExample.DragDropExample" time="14.821" errors="0" timestamp="2023-10-13T13:03:13 IST" skipped="0">
  <testcase classname="conditionWaitExample.DragDropExample" name="dragDropExample" time="14.821"/>
  <system-out/>
</testsuite> <!-- conditionWaitExample.DragDropExample -->
