<?xml version="1.0" encoding="UTF-8"?>
<!-- Generated by org.testng.reporters.JUnitReportReporter -->
<testsuite hostname="MSI" failures="0" tests="1" name="exercise.JavaScriptExample1" time="0.039" errors="0" timestamp="2023-10-11T13:06:54 IST" skipped="0">
  <testcase classname="exercise.JavaScriptExample1" name="verifyLoginFeature" time="0.039"/>
</testsuite> <!-- exercise.JavaScriptExample1 -->
