<?xml version="1.0" encoding="UTF-8"?>
<!-- Generated by org.testng.reporters.JUnitReportReporter -->
<testsuite hostname="MSI" failures="0" tests="1" name="actionExample.HandleAlertExample2" time="0.162" errors="0" timestamp="2023-10-12T12:48:53 IST" skipped="0">
  <testcase classname="actionExample.HandleAlertExample2" name="promptAlert" time="0.162"/>
</testsuite> <!-- actionExample.HandleAlertExample2 -->
